{"name": "DropDown selection", "status": "broken", "statusDetails": {"message": "selenium.common.exceptions.NoSuchElementException: Message: Could not find {locator.selector}\n\n", "trace": "  File \"C:\\Users\\senju\\AppData\\Local\\Programs\\Python\\Python310\\lib\\site-packages\\behave\\model.py\", line 1329, in run\n    match.run(runner.context)\n  File \"C:\\Users\\senju\\AppData\\Local\\Programs\\Python\\Python310\\lib\\site-packages\\behave\\matchers.py\", line 98, in run\n    self.func(context, *args, **kwargs)\n  File \"steps\\practice.py\", line 13, in results\n    PracticePage.clickResult(country)\n  File \"C:\\Users\\senju\\Downloads\\selenium-behave-template-master\\pages\\PracticePage.py\", line 28, in clickResult\n    element = super().get_element(PracticepageLocator.countryresult)\n  File \"C:\\Users\\senju\\Downloads\\selenium-behave-template-master\\pages\\Basepage.py\", line 32, in get_element\n    raise NoSuchElementException(\"Could not find {locator.selector}\")\n"}, "steps": [{"name": "Given I load the page", "status": "passed", "start": 1647867824449, "stop": 1647867825498}, {"name": "When I select \"option2\"", "status": "broken", "statusDetails": {"message": "selenium.common.exceptions.NoSuchElementException: Message: Could not find {locator.selector}\n\n", "trace": "  File \"C:\\Users\\senju\\AppData\\Local\\Programs\\Python\\Python310\\lib\\site-packages\\behave\\model.py\", line 1329, in run\n    match.run(runner.context)\n  File \"C:\\Users\\senju\\AppData\\Local\\Programs\\Python\\Python310\\lib\\site-packages\\behave\\matchers.py\", line 98, in run\n    self.func(context, *args, **kwargs)\n  File \"steps\\practice.py\", line 13, in results\n    PracticePage.clickResult(country)\n  File \"C:\\Users\\senju\\Downloads\\selenium-behave-template-master\\pages\\PracticePage.py\", line 28, in clickResult\n    element = super().get_element(PracticepageLocator.countryresult)\n  File \"C:\\Users\\senju\\Downloads\\selenium-behave-template-master\\pages\\Basepage.py\", line 32, in get_element\n    raise NoSuchElementException(\"Could not find {locator.selector}\")\n"}, "start": 1647867825498, "stop": 1647867830646}, {"name": "And I select \"option3\"", "status": "skipped", "start": 1647867830647, "stop": 1647867830647}, {"name": "Then I see the \"option3\"", "status": "skipped", "start": 1647867830647, "stop": 1647867830647}], "start": 1647867824445, "stop": 1647867830647, "uuid": "0db520d0-9e0d-479b-93d4-1cbfb18abf86", "historyId": "a998aa7b9295afacea6c6bcaf338e32f", "fullName": "Search: DropDown selection", "labels": [{"name": "severity", "value": "normal"}, {"name": "feature", "value": "Search"}, {"name": "framework", "value": "behave"}, {"name": "language", "value": "cpython3"}]}